[    0.000000] Linux version 4.15.0-206-generic (buildd@lcy02-amd64-070) (gcc version 7.5.0 (Ubuntu 7.5.0-3ubuntu1~18.04)) #217-Ubuntu SMP Fri Feb 3 19:10:13 UTC 2023 (Ubuntu 4.15.0-206.217-generic 4.15.18)
[    0.000000] Command line: BOOT_IMAGE=/boot/vmlinuz-4.15.0-206-generic root=LABEL=cloudimg-rootfs ro console=tty1 console=ttyS0
[    0.000000] KERNEL supported cpus:
[    0.000000]   Intel GenuineIntel
[    0.000000]   AMD AuthenticAMD
[    0.000000]   Centaur CentaurHauls
[    0.000000] x86/fpu: Supporting XSAVE feature 0x001: 'x87 floating point registers'
[    0.000000] x86/fpu: Supporting XSAVE feature 0x002: 'SSE registers'
[    0.000000] x86/fpu: Supporting XSAVE feature 0x004: 'AVX registers'
[    0.000000] x86/fpu: xstate_offset[2]:  576, xstate_sizes[2]:  256
[    0.000000] x86/fpu: Enabled xstate features 0x7, context size is 832 bytes, using 'standard' format.
[    0.000000] e820: BIOS-provided physical RAM map:
[    0.000000] BIOS-e820: [mem 0x0000000000000000-0x000000000009fbff] usable
[    0.000000] BIOS-e820: [mem 0x000000000009fc00-0x000000000009ffff] reserved
[    0.000000] BIOS-e820: [mem 0x00000000000f0000-0x00000000000fffff] reserved
[    0.000000] BIOS-e820: [mem 0x0000000000100000-0x000000001ffeffff] usable
[    0.000000] BIOS-e820: [mem 0x000000001fff0000-0x000000001fffffff] ACPI data
[    0.000000] BIOS-e820: [mem 0x00000000fec00000-0x00000000fec00fff] reserved
[    0.000000] BIOS-e820: [mem 0x00000000fee00000-0x00000000fee00fff] reserved
[    0.000000] BIOS-e820: [mem 0x00000000fffc0000-0x00000000ffffffff] reserved
[    0.000000] NX (Execute Disable) protection: active
[    0.000000] SMBIOS 2.5 present.
[    0.000000] DMI: innotek GmbH VirtualBox/VirtualBox, BIOS VirtualBox 12/01/2006
[    0.000000] Hypervisor detected: KVM
[    0.000000] e820: last_pfn = 0x1fff0 max_arch_pfn = 0x400000000
[    0.000000] MTRR: Disabled
[    0.000000] x86/PAT: MTRRs disabled, skipping PAT initialization too.
[    0.000000] CPU MTRRs all blank - virtualized system.
[    0.000000] x86/PAT: Configuration [0-7]: WB  WT  UC- UC  WB  WT  UC- UC  
[    0.000000] found SMP MP-table at [mem 0x0009fff0-0x0009ffff]
[    0.000000] Scanning 1 areas for low memory corruption
[    0.000000] RAMDISK: [mem 0x1db00000-0x1ee12fff]
[    0.000000] ACPI: Early table checksum verification disabled
[    0.000000] ACPI: RSDP 0x00000000000E0000 000024 (v02 VBOX  )
[    0.000000] ACPI: XSDT 0x000000001FFF0030 00003C (v01 VBOX   VBOXXSDT 00000001 ASL  00000061)
[    0.000000] ACPI: FACP 0x000000001FFF00F0 0000F4 (v04 VBOX   VBOXFACP 00000001 ASL  00000061)
[    0.000000] ACPI: DSDT 0x000000001FFF0470 002325 (v02 VBOX   VBOXBIOS 00000002 INTL 20200925)
[    0.000000] ACPI: FACS 0x000000001FFF0200 000040
[    0.000000] ACPI: FACS 0x000000001FFF0200 000040
[    0.000000] ACPI: APIC 0x000000001FFF0240 00005C (v02 VBOX   VBOXAPIC 00000001 ASL  00000061)
[    0.000000] ACPI: SSDT 0x000000001FFF02A0 0001CC (v01 VBOX   VBOXCPUT 00000002 INTL 20200925)
[    0.000000] ACPI: Reserving FACP table memory at [mem 0x1fff00f0-0x1fff01e3]
[    0.000000] ACPI: Reserving DSDT table memory at [mem 0x1fff0470-0x1fff2794]
[    0.000000] ACPI: Reserving FACS table memory at [mem 0x1fff0200-0x1fff023f]
[    0.000000] ACPI: Reserving FACS table memory at [mem 0x1fff0200-0x1fff023f]
[    0.000000] ACPI: Reserving APIC table memory at [mem 0x1fff0240-0x1fff029b]
[    0.000000] ACPI: Reserving SSDT table memory at [mem 0x1fff02a0-0x1fff046b]
[    0.000000] No NUMA configuration found
[    0.000000] Faking a node at [mem 0x0000000000000000-0x000000001ffeffff]
[    0.000000] NODE_DATA(0) allocated [mem 0x1ffc5000-0x1ffeffff]
[    0.000000] kvm-clock: cpu 0, msr 0:1ff44001, primary cpu clock
[    0.000000] kvm-clock: Using msrs 4b564d01 and 4b564d00
[    0.000000] kvm-clock: using sched offset of 35683810530 cycles
[    0.000000] clocksource: kvm-clock: mask: 0xffffffffffffffff max_cycles: 0x1cd42e4dffb, max_idle_ns: 881590591483 ns
[    0.000000] Zone ranges:
[    0.000000]   DMA      [mem 0x0000000000001000-0x0000000000ffffff]
[    0.000000]   DMA32    [mem 0x0000000001000000-0x000000001ffeffff]
[    0.000000]   Normal   empty
[    0.000000]   Device   empty
[    0.000000] Movable zone start for each node
[    0.000000] Early memory node ranges
[    0.000000]   node   0: [mem 0x0000000000001000-0x000000000009efff]
[    0.000000]   node   0: [mem 0x0000000000100000-0x000000001ffeffff]
[    0.000000] Reserved but unavailable: 104 pages
[    0.000000] Initmem setup node 0 [mem 0x0000000000001000-0x000000001ffeffff]
[    0.000000] ACPI: PM-Timer IO Port: 0x4008
[    0.000000] IOAPIC[0]: apic_id 2, version 32, address 0xfec00000, GSI 0-23
[    0.000000] ACPI: INT_SRC_OVR (bus 0 bus_irq 0 global_irq 2 dfl dfl)
[    0.000000] ACPI: INT_SRC_OVR (bus 0 bus_irq 9 global_irq 9 low level)
[    0.000000] Using ACPI (MADT) for SMP configuration information
[    0.000000] smpboot: Allowing 2 CPUs, 0 hotplug CPUs
[    0.000000] PM: Registered nosave memory: [mem 0x00000000-0x00000fff]
[    0.000000] PM: Registered nosave memory: [mem 0x0009f000-0x0009ffff]
[    0.000000] PM: Registered nosave memory: [mem 0x000a0000-0x000effff]
[    0.000000] PM: Registered nosave memory: [mem 0x000f0000-0x000fffff]
[    0.000000] e820: [mem 0x20000000-0xfebfffff] available for PCI devices
[    0.000000] Booting paravirtualized kernel on KVM
[    0.000000] clocksource: refined-jiffies: mask: 0xffffffff max_cycles: 0xffffffff, max_idle_ns: 7645519600211568 ns
[    0.000000] setup_percpu: NR_CPUS:8192 nr_cpumask_bits:2 nr_cpu_ids:2 nr_node_ids:1
[    0.000000] percpu: Embedded 50 pages/cpu s167936 r8192 d28672 u1048576
[    0.000000] PV qspinlock hash table entries: 256 (order: 0, 4096 bytes)
[    0.000000] Built 1 zonelists, mobility grouping on.  Total pages: 128889
[    0.000000] Policy zone: DMA32
[    0.000000] Kernel command line: BOOT_IMAGE=/boot/vmlinuz-4.15.0-206-generic root=LABEL=cloudimg-rootfs ro console=tty1 console=ttyS0
[    0.000000] Memory: 466544K/523832K available (12300K kernel code, 2477K rwdata, 4324K rodata, 2480K init, 2720K bss, 57288K reserved, 0K cma-reserved)
[    0.000000] SLUB: HWalign=64, Order=0-3, MinObjects=0, CPUs=2, Nodes=1
[    0.000000] Kernel/User page tables isolation: enabled
[    0.000000] ftrace: allocating 39485 entries in 155 pages
[    0.004000] Hierarchical RCU implementation.
[    0.004000] 	RCU restricting CPUs from NR_CPUS=8192 to nr_cpu_ids=2.
[    0.004000] 	Tasks RCU enabled.
[    0.004000] RCU: Adjusting geometry for rcu_fanout_leaf=16, nr_cpu_ids=2
[    0.004000] NR_IRQS: 524544, nr_irqs: 440, preallocated irqs: 16
[    0.004000] random: crng init done
[    0.004000] Console: colour VGA+ 80x25
[    0.004000] console [tty1] enabled
[    0.004000] console [ttyS0] enabled
[    0.004000] ACPI: Core revision 20170831
[    0.004000] ACPI: 2 ACPI AML tables successfully acquired and loaded
[    0.004000] APIC: Switch to symmetric I/O mode setup
[    0.004000] x2apic enabled
[    0.004000] Switched APIC routing to physical x2apic.
[    0.008000] ..TIMER: vector=0x30 apic1=0 pin1=2 apic2=-1 pin2=-1
[    0.008008] tsc: Detected 1497.591 MHz processor
[    0.012018] Calibrating delay loop (skipped) preset value.. 2995.18 BogoMIPS (lpj=5990364)
[    0.016027] pid_max: default: 32768 minimum: 301
[    0.020257] Security Framework initialized
[    0.024008] Yama: becoming mindful.
[    0.032079] AppArmor: AppArmor initialized
[    0.036172] Dentry cache hash table entries: 65536 (order: 7, 524288 bytes)
[    0.040119] Inode-cache hash table entries: 32768 (order: 6, 262144 bytes)
[    0.044064] Mount-cache hash table entries: 1024 (order: 1, 8192 bytes)
[    0.048045] Mountpoint-cache hash table entries: 1024 (order: 1, 8192 bytes)
[    0.055481] Last level iTLB entries: 4KB 0, 2MB 0, 4MB 0
[    0.056005] Last level dTLB entries: 4KB 0, 2MB 0, 4MB 0, 1GB 0
[    0.060042] Spectre V1 : Mitigation: usercopy/swapgs barriers and __user pointer sanitization
[    0.064004] Spectre V2 : Mitigation: Retpolines
[    0.068002] Spectre V2 : Spectre v2 / SpectreRSB mitigation: Filling RSB on context switch
[    0.072006] Spectre V2 : Spectre v2 / SpectreRSB : Filling RSB on VMEXIT
[    0.080004] RETBleed: WARNING: Spectre v2 mitigation leaves CPU vulnerable to RETBleed attacks, data leaks possible!
[    0.084003] RETBleed: Vulnerable
[    0.088003] Speculative Store Bypass: Vulnerable
[    0.092213] MDS: Mitigation: Clear CPU buffers
[    0.096003] MMIO Stale Data: Mitigation: Clear CPU buffers
[    0.100046] SRBDS: Unknown: Dependent on hypervisor status
[    0.108374] Freeing SMP alternatives memory: 36K
[    0.228243] APIC calibration not consistent with PM-Timer: 102ms instead of 100ms
[    0.232000] APIC delta adjusted to PM-Timer: 6260950 (6419751)
[    0.233279] smpboot: CPU0: Intel(R) Core(TM) i7-1065G7 CPU @ 1.30GHz (family: 0x6, model: 0x7e, stepping: 0x5)
[    0.236389] Performance Events: unsupported p6 CPU model 126 no PMU driver, software events only.
[    0.240242] Hierarchical SRCU implementation.
[    0.244555] NMI watchdog: Perf event create on CPU 0 failed with -2
[    0.248006] NMI watchdog: Perf NMI watchdog permanently disabled
[    0.252114] smp: Bringing up secondary CPUs ...
[    0.256809] x86: Booting SMP configuration:
[    0.260004] .... node  #0, CPUs:      #1
[    0.004000] kvm-clock: cpu 1, msr 0:1ff44041, secondary cpu clock
[    0.300128] smp: Brought up 1 node, 2 CPUs
[    0.304006] smpboot: Max logical packages: 1
[    0.308010] smpboot: Total of 2 processors activated (5990.36 BogoMIPS)
[    0.316095] devtmpfs: initialized
[    0.320173] x86/mm: Memory block size: 128MB
[    0.329072] evm: security.selinux
[    0.344010] evm: security.SMACK64
[    0.348006] evm: security.SMACK64EXEC
[    0.352006] evm: security.SMACK64TRANSMUTE
[    0.356006] evm: security.SMACK64MMAP
[    0.360006] evm: security.apparmor
[    0.364005] evm: security.ima
[    0.368040] evm: security.capability
[    0.380228] clocksource: jiffies: mask: 0xffffffff max_cycles: 0xffffffff, max_idle_ns: 7645041785100000 ns
[    0.432014] futex hash table entries: 512 (order: 3, 32768 bytes)
[    0.440067] pinctrl core: initialized pinctrl subsystem
[    0.456008] RTC time: 17:52:02, date: 03/26/23
[    0.466795] NET: Registered protocol family 16
[    0.468144] audit: initializing netlink subsys (disabled)
[    0.480185] audit: type=2000 audit(1679853153.542:1): state=initialized audit_enabled=0 res=1
[    0.532000] cpuidle: using governor ladder
[    0.532011] cpuidle: using governor menu
[    0.536100] ACPI: bus type PCI registered
[    0.540004] acpiphp: ACPI Hot Plug PCI Controller Driver version: 0.5
[    0.548692] PCI: Using configuration type 1 for base access
[    0.560010] HugeTLB registered 2.00 MiB page size, pre-allocated 0 pages
[    0.569656] ACPI: Added _OSI(Module Device)
[    0.588005] ACPI: Added _OSI(Processor Device)
[    0.604006] ACPI: Added _OSI(3.0 _SCP Extensions)
[    0.628007] ACPI: Added _OSI(Processor Aggregator Device)
[    0.656008] ACPI: Added _OSI(Linux-Dell-Video)
[    0.680005] ACPI: Added _OSI(Linux-Lenovo-NV-HDMI-Audio)
[    0.704009] ACPI: Added _OSI(Linux-HPI-Hybrid-Graphics)
[    0.737970] ACPI: Executed 1 blocks of module-level executable AML code
[    0.785028] ACPI: Interpreter enabled
[    0.832027] ACPI: (supports S0 S5)
[    0.876008] ACPI: Using IOAPIC for interrupt routing
[    0.941265] PCI: Using host bridge windows from ACPI; if necessary, use "pci=nocrs" and report a bug
[    0.998057] ACPI: Enabled 2 GPEs in block 00 to 07
[    1.092181] ACPI: PCI Root Bridge [PCI0] (domain 0000 [bus 00-ff])
[    1.128018] acpi PNP0A03:00: _OSC: OS supports [ASPM ClockPM Segments MSI]
[    1.170310] acpi PNP0A03:00: _OSC: not requesting OS control; OS requires [ExtendedConfig ASPM ClockPM MSI]
[    1.232026] acpi PNP0A03:00: fail to add MMCONFIG information, can't access extended PCI configuration space under this bridge.
[    1.308540] PCI host bridge to bus 0000:00
[    1.332006] pci_bus 0000:00: root bus resource [io  0x0000-0x0cf7 window]
[    1.376010] pci_bus 0000:00: root bus resource [io  0x0d00-0xffff window]
[    1.416009] pci_bus 0000:00: root bus resource [mem 0x000a0000-0x000bffff window]
[    1.464007] pci_bus 0000:00: root bus resource [mem 0x20000000-0xfdffffff window]
[    1.516010] pci_bus 0000:00: root bus resource [bus 00-ff]
[    1.656978] pci 0000:00:01.1: legacy IDE quirk: reg 0x10: [io  0x01f0-0x01f7]
[    1.700006] pci 0000:00:01.1: legacy IDE quirk: reg 0x14: [io  0x03f6]
[    1.740007] pci 0000:00:01.1: legacy IDE quirk: reg 0x18: [io  0x0170-0x0177]
[    1.780010] pci 0000:00:01.1: legacy IDE quirk: reg 0x1c: [io  0x0376]
[    2.036740] pci 0000:00:07.0: quirk: [io  0x4000-0x403f] claimed by PIIX4 ACPI
[    2.040241] pci 0000:00:07.0: quirk: [io  0x4100-0x410f] claimed by PIIX4 SMB
[    2.265449] ACPI: PCI Interrupt Link [LNKA] (IRQs 5 9 10 *11)
[    2.312629] ACPI: PCI Interrupt Link [LNKB] (IRQs 5 9 *10 11)
[    2.360810] ACPI: PCI Interrupt Link [LNKC] (IRQs 5 *9 10 11)
[    2.412018] ACPI: PCI Interrupt Link [LNKD] (IRQs 5 9 10 *11)
[    2.505751] SCSI subsystem initialized
[    2.572223] pci 0000:00:02.0: vgaarb: setting as boot VGA device
[    2.576000] pci 0000:00:02.0: vgaarb: VGA device added: decodes=io+mem,owns=io+mem,locks=none
[    2.576010] pci 0000:00:02.0: vgaarb: bridge control possible
[    2.580006] vgaarb: loaded
[    2.584516] ACPI: bus type USB registered
[    2.588395] usbcore: registered new interface driver usbfs
[    2.592023] usbcore: registered new interface driver hub
[    2.596083] usbcore: registered new device driver usb
[    2.612311] EDAC MC: Ver: 3.0.0
[    2.624277] PCI: Using ACPI for IRQ routing
[    2.652789] NetLabel: Initializing
[    2.656004] NetLabel:  domain hash size = 128
[    2.660002] NetLabel:  protocols = UNLABELED CIPSOv4 CALIPSO
[    2.668006] NetLabel:  unlabeled traffic allowed by default
[    2.688870] clocksource: Switched to clocksource kvm-clock
[    2.880089] VFS: Disk quotas dquot_6.6.0
[    2.953274] VFS: Dquot-cache hash table entries: 512 (order 0, 4096 bytes)
[    3.003582] AppArmor: AppArmor Filesystem Enabled
[    3.027698] pnp: PnP ACPI init
[    3.066339] pnp: PnP ACPI: found 3 devices
[    3.245156] clocksource: acpi_pm: mask: 0xffffff max_cycles: 0xffffff, max_idle_ns: 2085701024 ns
[    3.248077] NET: Registered protocol family 2
[    3.248077] IP idents hash table entries: 8192 (order: 4, 65536 bytes)
[    3.364841] TCP established hash table entries: 4096 (order: 3, 32768 bytes)
[    3.407340] TCP bind hash table entries: 4096 (order: 4, 65536 bytes)
[    3.409614] TCP: Hash tables configured (established 4096 bind 4096)
[    3.485074] UDP hash table entries: 256 (order: 1, 8192 bytes)
[    3.511358] UDP-Lite hash table entries: 256 (order: 1, 8192 bytes)
[    3.536767] NET: Registered protocol family 1
[    3.540469] pci 0000:00:00.0: Limiting direct PCI/PCI transfers
[    3.540469] pci 0000:00:01.0: Activating ISA DMA hang workarounds
[    3.540469] pci 0000:00:02.0: Video device with shadowed ROM at [mem 0x000c0000-0x000dffff]
[    3.540469] Unpacking initramfs...
[    8.296222] Freeing initrd memory: 19532K
[    8.296222] clocksource: tsc: mask: 0xffffffffffffffff max_cycles: 0x15963ef901d, max_idle_ns: 440795219650 ns
[    8.296222] platform rtc_cmos: registered platform RTC device (no PNP device found)
[    8.296222] Scanning for low memory corruption every 60 seconds
[    8.473450] Initialise system trusted keyrings
[    8.475273] Key type blacklist registered
[    8.527730] workingset: timestamp_bits=36 max_order=17 bucket_order=0
[    8.559925] zbud: loaded
[    8.579795] squashfs: version 4.0 (2009/01/31) Phillip Lougher
[    8.629764] fuse init (API version 7.26)
[    8.721232] Key type asymmetric registered
[    8.749009] Asymmetric key parser 'x509' registered
[    8.793178] Block layer SCSI generic (bsg) driver version 0.4 loaded (major 246)
[    8.941075] io scheduler noop registered
[    9.013617] io scheduler deadline registered
[    9.070544] io scheduler cfq registered (default)
[    9.157479] ACPI: AC Adapter [AC] (on-line)
[    9.214237] input: Power Button as /devices/LNXSYSTM:00/LNXPWRBN:00/input/input0
[    9.315103] ACPI: Power Button [PWRF]
[    9.370931] input: Sleep Button as /devices/LNXSYSTM:00/LNXSLPBN:00/input/input1
[    9.518942] ACPI: Sleep Button [SLPF]
[    9.549874] Serial: 8250/16550 driver, 32 ports, IRQ sharing enabled
[    9.563106] ACPI: Battery Slot [BAT0] (battery present)
[    9.672587] 00:02: ttyS0 at I/O 0x3f8 (irq = 4, base_baud = 115200) is a 16550A
[    9.804974] Linux agpgart interface v0.103
[    9.869500] loop: module loaded
[    9.999842] scsi host0: ata_piix
[   10.087685] scsi host1: ata_piix
[   10.164112] ata1: PATA max UDMA/33 cmd 0x1f0 ctl 0x3f6 bmdma 0xd000 irq 14
[   10.164529] ata2: PATA max UDMA/33 cmd 0x170 ctl 0x376 bmdma 0xd008 irq 15
[   10.405818] tun: Universal TUN/TAP device driver, 1.6
[   10.498321] PPP generic driver version 2.4.2
[   10.583233] ehci_hcd: USB 2.0 'Enhanced' Host Controller (EHCI) Driver
[   10.712810] ehci-pci: EHCI PCI platform driver
[   10.770853] ehci-platform: EHCI generic platform driver
[   10.837190] ohci_hcd: USB 1.1 'Open' Host Controller (OHCI) Driver
[   10.952803] ohci-pci: OHCI PCI platform driver
[   11.003554] ohci-platform: OHCI generic platform driver
[   11.088820] uhci_hcd: USB Universal Host Controller Interface driver
[   11.172334] i8042: PNP: PS/2 Controller [PNP0303:PS2K,PNP0f03:PS2M] at 0x60,0x64 irq 1,12
[   11.175694] serio: i8042 KBD port at 0x60,0x64 irq 1
[   11.175694] serio: i8042 AUX port at 0x60,0x64 irq 12
[   11.324057] mousedev: PS/2 mouse device common for all mice
[   11.374902] rtc_cmos rtc_cmos: rtc core: registered rtc_cmos as rtc0
[   11.435224] rtc_cmos rtc_cmos: alarms up to one day, 114 bytes nvram
[   11.469773] i2c /dev entries driver
[   11.501110] input: AT Translated Set 2 keyboard as /devices/platform/i8042/serio0/input/input2
[   11.548204] device-mapper: uevent: version 1.0.3
[   11.575690] device-mapper: ioctl: 4.37.0-ioctl (2017-09-20) initialised: dm-devel@redhat.com
[   11.635150] ledtrig-cpu: registered to indicate activity on CPUs
[   11.713799] NET: Registered protocol family 10
[   11.894831] Segment Routing with IPv6
[   11.924051] NET: Registered protocol family 17
[   11.973879] Key type dns_resolver registered
[   12.012623] mce: Using 0 MCE banks
[   12.034061] RAS: Correctable Errors collector initialized.
[   12.071719] sched_clock: Marking stable (12071362656, 0)->(19963980385, -7892617729)
[   12.135982] registered taskstats version 1
[   12.161397] Loading compiled-in X.509 certificates
[   12.235702] Loaded X.509 cert 'Build time autogenerated kernel key: 4d405f87ce750406625b929cd2e51cc76ab5bcf4'
[   12.296074] Loaded X.509 cert 'Canonical Ltd. Live Patch Signing: 14df34d1a87cf37625abec039ef2bf521249b969'
[   12.401870] Loaded X.509 cert 'Canonical Ltd. Kernel Module Signing: 88f752e560a1e0737e31163a466ad7b70a850c19'
[   12.518616] blacklist: Loading compiled-in revocation X.509 certificates
[   12.585945] Loaded X.509 cert 'Canonical Ltd. Secure Boot Signing: 61482aa2830d0ab2ad5af10b7250da9033ddcef0'
[   12.655961] Loaded X.509 cert 'Canonical Ltd. Secure Boot Signing (2017): 242ade75ac4a15e50d50c84b0d45ff3eae707a03'
[   12.729114] Loaded X.509 cert 'Canonical Ltd. Secure Boot Signing (ESM 2018): 365188c1d374d6b07c3c8f240f8ef722433d6a8b'
[   12.833794] Loaded X.509 cert 'Canonical Ltd. Secure Boot Signing (2019): c0746fd6c5da3ae827864651ad66ae47fe24b3e8'
[   13.084560] Loaded X.509 cert 'Canonical Ltd. Secure Boot Signing (2021 v1): a8d54bbb3825cfb94fa13c9f8a594a195c107b8d'
[   13.209246] Loaded X.509 cert 'Canonical Ltd. Secure Boot Signing (2021 v2): 4cf046892d6fd3c9a5b03f98d845f90851dc6a8c'
[   13.264003] Loaded X.509 cert 'Canonical Ltd. Secure Boot Signing (2021 v3): 100437bb6de6e469b581e61cd66bce3ef4ed53af'
[   13.324121] Loaded X.509 cert 'Canonical Ltd. Secure Boot Signing (Ubuntu Core 2019): c1d57b8f6b743f23ee41f4f7ee292f06eecadfb9'
[   13.410135] zswap: loaded using pool lzo/zbud
[   13.487079] Key type big_key registered
[   13.507022] Key type trusted registered
[   13.548484] Key type encrypted registered
[   13.569188] AppArmor: AppArmor sha1 policy hashing enabled
[   13.597806] ima: No TPM chip found, activating TPM-bypass! (rc=-19)
[   13.629688] ima: Allocated hash algorithm: sha1
[   13.660391] evm: HMAC attrs: 0x1
[   13.700517]   Magic number: 15:79:897
[   13.726949] rtc_cmos rtc_cmos: setting system clock to 2023-03-26 17:52:17 UTC (1679853137)
[   13.816484] BIOS EDD facility v0.16 2004-Jun-25, 0 devices found
[   13.906582] EDD information not available.
[   14.046557] Freeing unused kernel image memory: 2480K
[   14.234370] Write protecting the kernel read-only data: 20480k
[   14.354494] Freeing unused kernel image memory: 2008K
[   14.459292] Freeing unused kernel image memory: 1820K
[   14.566623] x86/mm: Checked W+X mappings: passed, no W+X pages found.
[   14.646485] x86/mm: Checking user space page tables
[   14.869318] x86/mm: Checked W+X mappings: passed, no W+X pages found.
Loading, please wait...
starting version 237
[   20.122357] e1000: Intel(R) PRO/1000 Network Driver - version 7.3.21-k8-NAPI
[   20.320842] e1000: Copyright (c) 1999-2006 Intel Corporation.
[   20.332552] Fusion MPT base driver 3.04.20
[   21.364201] Copyright (c) 1999-2008 LSI Corporation
[   23.762911] Fusion MPT SPI Host driver 3.04.20
[   24.030887] AVX2 version of gcm_enc/dec engaged.
[   24.184256] AES CTR mode by8 optimization enabled
[   24.898481] input: ImExPS/2 Generic Explorer Mouse as /devices/platform/i8042/serio1/input/input4
[   26.979108] e1000 0000:00:03.0 eth0: (PCI:33MHz:32-bit) 02:68:0a:01:d2:87
[   27.012424] e1000 0000:00:03.0 eth0: Intel(R) PRO/1000 Network Connection
[   27.074553] mptbase: ioc0: Initiating bringup
[   28.120667] ioc0: LSI53C1030 A0: Capabilities={Initiator}
[   28.572427] scsi host2: ioc0: LSI53C1030 A0, FwRev=00000000h, Ports=1, MaxQ=256, IRQ=20
[   28.843599] scsi 2:0:0:0: Direct-Access     VBOX     HARDDISK         1.0  PQ: 0 ANSI: 5
[   29.000219] scsi target2:0:0: Beginning Domain Validation
[   29.136457] scsi target2:0:0: Domain Validation skipping write tests
[   29.217148] scsi target2:0:0: Ending Domain Validation
[   29.273474] scsi target2:0:0: asynchronous
[   29.330627] scsi 2:0:1:0: Direct-Access     VBOX     HARDDISK         1.0  PQ: 0 ANSI: 5
[   31.937708] scsi target2:0:1: Beginning Domain Validation
[   32.074822] scsi target2:0:1: Domain Validation skipping write tests
[   32.194152] scsi target2:0:1: Ending Domain Validation
[   32.265100] scsi target2:0:1: asynchronous
[   32.381546] sd 2:0:0:0: Attached scsi generic sg0 type 0
[   32.452356] sd 2:0:1:0: Attached scsi generic sg1 type 0
[   32.517305] sd 2:0:0:0: [sda] 83886080 512-byte logical blocks: (42.9 GB/40.0 GiB)
[   32.518628] sd 2:0:1:0: [sdb] 20480 512-byte logical blocks: (10.5 MB/10.0 MiB)
[   32.603366] sd 2:0:0:0: [sda] Write Protect is off
[   32.663220] sd 2:0:1:0: [sdb] Write Protect is off
[   32.665392] sd 2:0:1:0: [sdb] Incomplete mode parameter data
[   32.842294] sd 2:0:1:0: [sdb] Assuming drive cache: write through
[   32.914585] sd 2:0:0:0: [sda] Incomplete mode parameter data
[   32.974761] sd 2:0:0:0: [sda] Assuming drive cache: write through
[   33.013513] e1000 0000:00:08.0 eth1: (PCI:33MHz:32-bit) 08:00:27:c9:72:67
[   33.111895] sd 2:0:1:0: [sdb] Attached SCSI disk
[   33.151561] e1000 0000:00:08.0 eth1: Intel(R) PRO/1000 Network Connection
[   33.213303]  sda: sda1
[   33.304687] sd 2:0:0:0: [sda] Attached SCSI disk
[   33.485180] e1000 0000:00:03.0 enp0s3: renamed from eth0
[   33.634510] e1000 0000:00:08.0 enp0s8: renamed from eth1
Begin: Loading essential drivers ... [   49.588566] raid6: sse2x1   gen()  5162 MB/s
[   49.718692] raid6: sse2x1   xor()  1334 MB/s
[   49.835653] raid6: sse2x2   gen()  4693 MB/s
[   49.932557] raid6: sse2x2   xor()  4944 MB/s
[   50.023025] raid6: sse2x4   gen()  5647 MB/s
[   50.116088] raid6: sse2x4   xor()  3915 MB/s
[   50.217755] raid6: avx2x1   gen()  8825 MB/s
[   50.293339] raid6: avx2x1   xor()  7392 MB/s
[   50.403470] raid6: avx2x2   gen() 15843 MB/s
[   50.486841] raid6: avx2x2   xor()  3853 MB/s
[   50.570132] raid6: avx2x4   gen()  8873 MB/s
[   50.652672] raid6: avx2x4   xor()  7292 MB/s
[   50.685190] raid6: using algorithm avx2x2 gen() 15843 MB/s
[   50.714324] raid6: .... xor() 3853 MB/s, rmw enabled
[   50.741330] raid6: using avx2x2 recovery algorithm
[   50.829711] xor: automatically using best checksumming function   avx       
[   50.939828] async_tx: api initialized (async)
done.
Begin: Running /scripts/init-premount ... done.
Begin: Mounting root file system ... Begin: Running /scripts/local-top ... done.
Begin: Running /scripts/local-premount ... [   51.444399] Btrfs loaded, crc32c=crc32c-intel
Scanning for Btrfs filesystems
done.
Warning: fsck not present, so skipping root file system
[   51.792913] EXT4-fs (sda1): mounted filesystem with ordered data mode. Opts: (null)
done.
Begin: Running /scripts/local-bottom ... done.
Begin: Running /scripts/init-bottom ... done.
[   53.260353] ip_tables: (C) 2000-2006 Netfilter Core Team
[   53.395594] systemd[1]: systemd 237 running in system mode. (+PAM +AUDIT +SELINUX +IMA +APPARMOR +SMACK +SYSVINIT +UTMP +LIBCRYPTSETUP +GCRYPT +GNUTLS +ACL +XZ +LZ4 +SECCOMP +BLKID +ELFUTILS +KMOD -IDN2 +IDN -PCRE2 default-hierarchy=hybrid)
[   53.499191] systemd[1]: Detected virtualization oracle.
[   53.526029] systemd[1]: Detected architecture x86-64.

Welcome to [1mUbuntu 18.04.6 LTS[0m!

[   53.737262] systemd[1]: Set hostname to <ubuntu>.
[   53.809083] systemd[1]: Initializing machine ID from random generator.
[   53.839984] systemd[1]: Installed transient /etc/machine-id file.
[   55.712930] systemd[1]: Created slice System Slice.
[[0;32m  OK  [0m] Created slice System Slice.
[   55.763879] systemd[1]: Listening on udev Control Socket.
[[0;32m  OK  [0m] Listening on udev Control Socket.
[   55.805338] systemd[1]: Listening on LVM2 metadata daemon socket.
[[0;32m  OK  [0m] Listening on LVM2 metadata daemon socket.
[   55.851063] systemd[1]: Listening on Journal Audit Socket.
[[0;32m  OK  [0m] Listening on Journal Audit Socket.
[[0;32m  OK  [0m] Reached target User and Group Name Lookups.
[[0;32m  OK  [0m] Listening on Journal Socket.
         Mounting Huge Pages File System...
         Starting Set the console keyboard layout...
[[0;32m  OK  [0m] Created slice User and Session Slice.
[[0;32m  OK  [0m] Reached target Slices.
[[0;32m  OK  [0m] Listening on Network Service Netlink Socket.
[[0;32m  OK  [0m] Listening on LVM2 poll daemon socket.
[[0;32m  OK  [0m] Reached target System Time Synchronized.
         Starting Load Kernel Modules...
[[0;32m  OK  [0m] Reached target Swap.
[[0;32m  OK  [0m] Created slice system-serial\x2dgetty.slice.
[   56.410446] Loading iSCSI transport class v2.0-870.
[[0;32m  OK  [0m] Listening on /dev/initctl Compatibility Named Pipe.
[[0;32m  OK  [0m] Listening on Device-mapper event daemon FIFOs.
         Starting Monitoring of LVM2 mirrors…ng dmeventd or progress polling...
[[0;32m  OK  [0m] Reached target Mounting snaps.
[[0;32m  OK  [0m] Reached target Mounted snaps.
[[0;32m  OK  [0m] Started Forward Password Requests to Wall Directory Watch.
[[0;32m  OK  [0m] Listening on udev Kernel Socket.
         Starting udev Coldplug all Devices...
[[0;32m  OK  [0m] Listening on fsck to fsckd communication Socket.
         Starting File System Check on Root Device...
         Mounting POSIX Message Queue File System...
         Starting Uncomplicated firewall...
[[0;32m  OK  [0m] Listening on Syslog Socket.
[[   57.245474] iscsi: registered transport (tcp)
[0;32m  OK  [0m] Listening on Journal Socket (/dev/log).
         Mounting Kernel Debug File System...
         Starting Journal Service...
[[0;32m  OK  [0m] Set up automount Arbitrary Executab…rmats File System Automount Point.
         Starting Create list of required st…ce nodes for the current kernel...
[[0;32m  OK  [0m] Mounted Huge Pages File System.
[[0;32m  OK  [0m] Started File System Check on Root Device.
[[0;32m  OK  [0m] Mounted POSIX Message Queue File System.
[[0;32m  OK  [0m] Started Uncomplicated firewall.
[[0;32m  OK  [0m] Mounted Kernel Debug File System.
[[0;32m  OK  [0m] Started Create list of required sta…vice nodes for the current kernel.
[[0;32m  OK  [0m] Started File System Check Daemon to report status.
[   58.354884] systemd[1]: Started LVM2 metadata daemon.
[[0;32m  OK  [0m] Started LVM2 metadata daemon.
[   58.487721] systemd[1]: Starting Create Static Device Nodes in /dev...
         Starting Create Static Device Nodes in /dev...
[   58.664873] systemd[1]: Starting Remount Root and Kernel File Systems...
         Starting Remount Root and Kernel File Systems...
[   59.000904] systemd[1]: Started udev Coldplug all Devices.
[   59.061106] EXT4-fs (sda1): re-mounted. Opts: (null)
[[0;32m  OK  [0m] Started udev Coldplug all Devices.
[   59.193683] systemd[1]: Started Remount Root and Kernel File Systems.
[[0;32m  OK  [0m] Started Remount Root and Kernel File Systems.
[   59.322050] systemd[1]: Starting Load/Save Random Seed...
         Starting Load/Save Random Seed...
[   59.462569] systemd[1]: Started Create Static Device Nodes in /dev.
[[0;32m  OK  [0m] Started Create Static Device Nodes in /dev.
[   59.844130] systemd[1]: Started Monitoring of LVM2 mirrors, snapshots etc. using dmeventd or progress polling.
[   60.288623] iscsi: registered transport (iser)
[[0;32m  OK  [0m] Started Monitoring of LVM2 mirrors,…sing dmeventd or progress polling.
[   60.487735] systemd[1]: Started Load Kernel Modules.
[[0;32m  OK  [0m] Started Load Kernel Modules.
[   60.603267] systemd[1]: Started Load/Save Random Seed.
[[0;32m  OK  [0m] Started Load/Save Random Seed.
         Mounting FUSE Control File System...
         Mounting Kernel Configuration File System...
         Starting Apply Kernel Variables...
         Starting udev Kernel Device Manager...
[[0;32m  OK  [0m] Mounted FUSE Control File System.
[[0;32m  OK  [0m] Mounted Kernel Configuration File System.
[[0;32m  OK  [0m] Started Journal Service.
         Starting Flush Journal to Persistent Storage...
[[0;32m  OK  [0m] Started Apply Kernel Variables.
[[0;32m  OK  [0m] Started Flush Journal to Persistent Storage.
[[0;32m  OK  [0m] Started udev Kernel Device Manager.
[[0;32m  OK  [0m] Found device /dev/ttyS0.
[[0;32m  OK  [0m] Started Set the console keyboard layout.
[[0;32m  OK  [0m] Reached target Local File Systems (Pre).
[[0;32m  OK  [0m] Reached target Local File Systems.
         Starting Set console font and keymap...
         Starting AppArmor initialization...
         Starting Commit a transient machine-id on disk...
         Starting ebtables ruleset management...
         Starting Tell Plymouth To Write Out Runtime Data...
         Starting Create Volatile Files and Directories...
[[0;32m  OK  [0m] Started Dispatch Password Requests to Console Directory Watch.
[[0;32m  OK  [0m] Reached target Local Encrypted Volumes.
[[0;32m  OK  [0m] Started Set console font and keymap.
[[0;32m  OK  [0m] Started Tell Plymouth To Write Out Runtime Data.
[[0;32m  OK  [0m] Started Commit a transient machine-id on disk.
[[0;32m  OK  [0m] Listening on Load/Save RF Kill Switch Status /dev/rfkill Watch.
[[0;32m  OK  [0m] Started Create Volatile Files and Directories.
         Starting Update UTMP about System Boot/Shutdown...
[[0;32m  OK  [0m] Started ebtables ruleset management.
[[0;32m  OK  [0m] Started Update UTMP about System Boot/Shutdown.
         Mounting Arbitrary Executable File Formats File System...
[[0;32m  OK  [0m] Mounted Arbitrary Executable File Formats File System.
[[0;32m  OK  [0m] Started AppArmor initialization.
         Starting Load AppArmor profiles managed internally by snapd...
         Starting Initial cloud-init job (pre-networking)...
[[0;32m  OK  [0m] Started Load AppArmor profiles managed internally by snapd.
[   88.293098] cloud-init[608]: Cloud-init v. 23.1.1-0ubuntu0~18.04.1 running 'init-local' at Sun, 26 Mar 2023 17:53:29 +0000. Up 86.17 seconds.
[[0;32m  OK  [0m] Started Initial cloud-init job (pre-networking).
[[0;32m  OK  [0m] Reached target Network (Pre).
         Starting Network Service...
[[0;32m  OK  [0m] Started Network Service.
         Starting Network Name Resolution...
         Starting Wait for Network to be Configured...
[[0;32m  OK  [0m] Started Network Name Resolution.
[[0;32m  OK  [0m] Reached target Network.
[[0;32m  OK  [0m] Reached target Host and Network Name Lookups.
[[0;32m  OK  [0m] Started Wait for Network to be Configured.
         Starting Initial cloud-init job (metadata service crawler)...
[   93.496554] cloud-init[727]: Cloud-init v. 23.1.1-0ubuntu0~18.04.1 running 'init' at Sun, 26 Mar 2023 17:53:36 +0000. Up 92.88 seconds.
[   93.575809] cloud-init[727]: ci-info: ++++++++++++++++++++++++++++++++++++++Net device info++++++++++++++++++++++++++++++++++++++
[   93.666485] cloud-init[727]: ci-info: +--------+-------+---------------------------+---------------+--------+-------------------+
[   93.818902] cloud-init[727]: ci-info: | Device |   Up  |          Address          |      Mask     | Scope  |     Hw-Address    |
[   93.886071] cloud-init[727]: ci-info: +--------+-------+---------------------------+---------------+--------+-------------------+
[   93.994554] cloud-init[727]: ci-info: | enp0s3 |  True |         10.0.2.15         | 255.255.255.0 | global | 02:68:0a:01:d2:87 |
[   94.072047] cloud-init[727]: ci-info: | enp0s3 |  True | fe80::68:aff:fe01:d287/64 |       .       |  link  | 02:68:0a:01:d2:87 |
[   94.142426] cloud-init[727]: ci-info: | enp0s8 | False |             .             |       .       |   .    | 08:00:27:c9:72:67 |
[   94.211145] cloud-init[727]: ci-info: |   lo   |  True |         127.0.0.1         |   255.0.0.0   |  host  |         .         |
[   94.280783] cloud-init[727]: ci-info: |   lo   |  True |          ::1/128          |       .       |  host  |         .         |
[   94.359824] cloud-init[727]: ci-info: +--------+-------+---------------------------+---------------+--------+-------------------+
[   94.438609] cloud-init[727]: ci-info: ++++++++++++++++++++++++++++Route IPv4 info+++++++++++++++++++++++++++++
[   94.510692] cloud-init[727]: ci-info: +-------+-------------+----------+-----------------+-----------+-------+
[   94.567431] cloud-init[727]: ci-info: | Route | Destination | Gateway  |     Genmask     | Interface | Flags |
[   94.634949] cloud-init[727]: ci-info: +-------+-------------+----------+-----------------+-----------+-------+
[   94.697395] cloud-init[727]: ci-info: |   0   |   0.0.0.0   | 10.0.2.2 |     0.0.0.0     |   enp0s3  |   UG  |
[   94.764771] cloud-init[727]: ci-info: |   1   |   10.0.2.0  | 0.0.0.0  |  255.255.255.0  |   enp0s3  |   U   |
[   94.847212] cloud-init[727]: ci-info: |   2   |   10.0.2.2  | 0.0.0.0  | 255.255.255.255 |   enp0s3  |   UH  |
[   94.983754] cloud-init[727]: ci-info: +-------+-------------+----------+-----------------+-----------+-------+
[   95.040355] cloud-init[727]: ci-info: +++++++++++++++++++Route IPv6 info+++++++++++++++++++
[   95.103264] cloud-init[727]: ci-info: +-------+-------------+---------+-----------+-------+
[   95.153862] cloud-init[727]: ci-info: | Route | Destination | Gateway | Interface | Flags |
[   95.204265] cloud-init[727]: ci-info: +-------+-------------+---------+-----------+-------+
[   95.257025] cloud-init[727]: ci-info: |   1   |  fe80::/64  |    ::   |   enp0s3  |   U   |
[   95.307269] cloud-init[727]: ci-info: |   3   |    local    |    ::   |   enp0s3  |   U   |
[   95.356449] cloud-init[727]: ci-info: |   4   |   ff00::/8  |    ::   |   enp0s3  |   U   |
[   95.398562] cloud-init[727]: ci-info: +-------+-------------+---------+-----------+-------+
[   98.381908] cloud-init[727]: Generating public/private rsa key pair.
[   98.537141] cloud-init[727]: Your identification has been saved in /etc/ssh/ssh_host_rsa_key.
[   98.585821] cloud-init[727]: Your public key has been saved in /etc/ssh/ssh_host_rsa_key.pub.
[   98.713674] cloud-init[727]: The key fingerprint is:
[   98.769743] cloud-init[727]: SHA256:xSxpckwKG62LWET6g6BjYbRs7fPZKe7jPeH7YvbA/fA root@ubuntu-bionic
[   98.870904] cloud-init[727]: The key's randomart image is:
[   98.911334] cloud-init[727]: +---[RSA 2048]----+
[   98.979242] cloud-init[727]: | o. o.  .        |
[   99.088158] cloud-init[727]: |o.+  +.+ +       |
[   99.195974] cloud-init[727]: |oB ...o * +      |
[   99.270550] cloud-init[727]: |=o+ .  + o       |
[   99.360054] cloud-init[727]: |++o+ .  S        |
[   99.464271] cloud-init[[0;32m  OK  [0m] Started Initial cloud-init job (metadata service crawler).
[[0;32m  OK  [0m] Reached target Cloud-config availability.
[[0;32m  OK  [0m] Reached target System Initialization.
[[0;32m  OK  [0m] Listening on cloud-init hotplug hook socket.
         Starting Socket activation for snappy daemon.
[[0;32m  OK  [0m] Started Daily Cleanup of Temporary Directories.
[[0;32m  OK  [0m] Listening on ACPID Listen Socket.
[[0;32m  OK  [0m] Listening on D-Bus System Message Bus Socket.
[[0;32m  OK  [0m] Started Discard unused blocks once a week.
[[0;32m  OK  [0m] Started Daily apt download activities.
[[0;32m  OK  [0m] Started Daily apt upgrade and clean activities.
[[0;32m  OK  [0m] Started Ubuntu Advantage Timer for running repeated jobs.
[[0;32m  OK  [0m] Started ACPI Events Check.
[[0;32m  OK  [0m] Listening on Open-iSCSI iscsid Socket.
[[0;32m  OK  [0m] Started Message of the Day.
[[0;32m  OK  [0m] Reached target Timers.
[[0;32m  OK  [0m] Reached target Paths.
         Starting LXD - unix socket.
[[0;32m  OK  [0m] Listening on UUID daemon activation socket.
[[0;32m  OK  [0m] Reached target Network is Online.
         Starting Availability of block devices...
[[0;32m  OK  [0m] Reached target Remote File Systems (Pre).
[[0;32m  OK  [0m] Reached target Remote File Systems.
[[0;32m  OK  [0m] Listening on Socket activation for snappy daemon.
[[0;32m  OK  [0m] Listening on LXD - unix socket.
[[0;32m  OK  [0m] Started Availability of block devices.
[[0;32m  OK  [0m] Reached target Sockets.
[727]: [[0;32m  OK  [0m] Reached target Basic System.
|o...+ +.o        |[[0;32m  OK  [0m] Started FUSE filesystem for LXC.
         Starting LSB: automatic crash report generation...
[[0;32m  OK  [0m] Started Deferred execution scheduler.
         Starting LXD - container startup/shutdown...

         Starting Snap Daemon...
[  101.337705] cloud-init[[0;32m  OK  [0m] Started Regular background program processing daemon.
         Starting Virtualbox guest utils...
         Starting Pollinate to seed the pseudo random number generator...
[[0;32m  OK  [0m] Reached target Login Prompts (Pre).
[[0;32m  OK  [0m] Started D-Bus System Message Bus.
[727]: |     +.=.o       |
[  102.095716] cloud-init[727]: |    ..o*. +      |
[  102.519906] cloud-init[727]: |    o++o*o E     |
[  102.697660] cloud-init[727]: +----[SHA256]-----+
[  102.835595] cloud-init[727]: Generating public/private dsa key pair.
[  103.049817] cloud-init[727]: Your identification has been saved in /etc/ssh/ssh_host_dsa_key.
[  103.187811] cloud-init[727]: Your public key has been saved in /etc/ssh/ssh_host_dsa_key.pub.
[  103.326948] cloud-init[727]: The key fingerprint is:
[  103.499729] cloud-init[727]: SHA256:mIqT5U6Hzwii0e7Jjd2hkx/F4+JUKgd8XHXCYVMXF7c root@ubuntu-bionic
[  103.664377] cloud-init[727]: The key's randomart image is:[[0;32m  OK  [0m] Started irqbalance daemon.

         Starting System Logging Service...
[  103.996055] cloud-init[727]: +---[DSA 1024]----+         Starting Login Service...
         Starting Permit User Sessions...
         Starting LSB: Record successful boot for GRUB...
         Starting Accounts Service...

[  104.242428] cloud-init[727]: |         .*oo oo+|
[  104.419527] cloud-init[727]: |         o.+ . .o|
         Starting Dispatcher daemon for systemd-networkd...
[[0;32m  OK  [0m] Started Permit User Sessions.
         Starting Hold until boot process finishes up...
         Starting Terminate Plymouth Boot Screen...
[  104.607944] cloud-init[727]: |        .      E |
[[0;32m  OK  [0m] Started Terminate Plymouth Boot Screen.
[[0;32m  OK  [0m] Started Hold until boot process finishes up.
[[0;32m  OK  [0m] Started System Logging Service.
         Starting Set console scheme...
[[0;32m  OK  [0m] Started Serial Getty on ttyS0.
[[0;32m  OK  [0m] Started Set console scheme.
[[0;32m  OK  [0m] Created slice system-getty.slice.
[  105.243960] cloud-init[727]: |   . . =         |
[  106.652313] cloud-init[727]: |    + = S        |
[  106.824295] cloud-init[727]: | . = = = .       |
[  107.135349] [[0;32m  OK  [0m] cloud-init[727]: |o * *.O .        |
[  107.752892] cloud-init[727]: |.= Xo% +         |
[  107.753062] cloud-init[727]: |..* *o*          |
[  107.753108] cloud-init[727]: +----[SHA256]-----+
[  107.753297] cloud-init[727]: Generating public/private ecdsa key pair.
[  107.794563] cloud-init[727]: Your identification has been saved in /etc/ssh/ssh_host_ecdsa_key.
[  107.815129] cloud-init[727]: Your public key has been saved in /etc/ssh/ssh_host_ecdsa_key.pub.
[  107.815432] cloud-init[727]: The key fingerprint is:
[  107.815510] cloud-init[727]: SHA256:l1PYhkoZk8nsnMPOyYgL7TDs5WQ2CbQQfrHerg9tLjI root@ubuntu-bionic
[  107.815710] cloud-init[727]: The key's randomart image is:
[  107.815796] cloud-init[727]: +---[ECDSA 256]---+
[  108.267562] cloud-init[727]: |.. .   ooo       |
[  108.467022] cloud-init[727]: |o . o   =+ +     |
Started Getty on tty1.
[[0;32m  OK  [0m] Reached target Login Prompts.[  109.248414] cloud-init[727]: | + +   +o.o +    |
[  109.374745] cloud-init[727]: |  = .  .*. +     |
[  109.374925] cloud-init[727]: | . + + =So+      |
[  109.383156] cloud-init[727]: 
|  = % . =. .     |
[  109.558805] cloud-init         Starting Authorization Manager...[727]: | . % *           |
[  109.790981] cloud-init[727]: | E..O            |

[  109.805121] cloud-init[727]: |  o.oo           |
[  110.302196] cloud-init[727]: +----[SHA256]-----+
[  110.387683] cloud-init[727]: Generating public/private ed25519 key pair.
[  110.703601] cloud-init[727]: Your identification has been saved in /etc/ssh/ssh_host_ed25519_key.
[  111.227623] cloud-init[727]: Your public key has been saved in /etc/ssh/ssh_host_ed25519_key.pub.
[  111.371712] cloud-init[727]: The key fingerprint is:
[  111.614153] cloud-init[727]: SHA256:tt2vGWI9L5fJUOvfFxPvHIzBhe6syDcYJstSVTV7MAI root@ubuntu-bionic
[  112.153132] cloud-init[727]: The key's randomart image is:
[  112.159127] cloud-init[727]: +--[ED25519 256]--+
[  112.160307] cloud-init[727]: |         E...=.  |
[  112.160521] cloud-init[727]: |           ...=. |
[  112.294022] cloud-init[727]: |          . o... |
[  112.353611] cloud-init[727]: |         .   +o. |

Ubuntu 18.04.6 LTS ubuntu-bionic ttyS0

[  112.520471] cloud-init[727]: |        S   o.+.o|
[  112.652742] cloud-init[727]: |       + = o.+.=.|
[  112.653000] cloud-init[727]: |      o * B *+ =+|
[  112.653295] cloud-init[727]: |     . o = =.** =|
[  112.783254] cloud-init[727]: |      .   . ++o.+|
[  112.792470] cloud-init[727]: +----[SHA256]-----+
ubuntu-bionic login: [  181.634787] cloud-init[1318]: Cloud-init v. 23.1.1-0ubuntu0~18.04.1 running 'modules:config' at Sun, 26 Mar 2023 17:54:35 +0000. Up 151.48 seconds.
ci-info: no authorized SSH keys fingerprints found for user ubuntu.
<14>Mar 26 17:55:23 cloud-init: #############################################################
<14>Mar 26 17:55:23 cloud-init: -----BEGIN SSH HOST KEY FINGERPRINTS-----
<14>Mar 26 17:55:23 cloud-init: 1024 SHA256:mIqT5U6Hzwii0e7Jjd2hkx/F4+JUKgd8XHXCYVMXF7c root@ubuntu-bionic (DSA)
<14>Mar 26 17:55:23 cloud-init: 256 SHA256:l1PYhkoZk8nsnMPOyYgL7TDs5WQ2CbQQfrHerg9tLjI root@ubuntu-bionic (ECDSA)
<14>Mar 26 17:55:24 cloud-init: 256 SHA256:tt2vGWI9L5fJUOvfFxPvHIzBhe6syDcYJstSVTV7MAI root@ubuntu-bionic (ED25519)
<14>Mar 26 17:55:24 cloud-init: 2048 SHA256:xSxpckwKG62LWET6g6BjYbRs7fPZKe7jPeH7YvbA/fA root@ubuntu-bionic (RSA)
<14>Mar 26 17:55:24 cloud-init: -----END SSH HOST KEY FINGERPRINTS-----
<14>Mar 26 17:55:24 cloud-init: #############################################################
-----BEGIN SSH HOST KEY KEYS-----
ecdsa-sha2-nistp256 AAAAE2VjZHNhLXNoYTItbmlzdHAyNTYAAAAIbmlzdHAyNTYAAABBBDz5ECy4Nr7LlbgJ0nEVA2MkG/dfWyW4DpBtvFAlCSLPW4wdAj2KJ+v+piHrepcaMvBQsOj6aewUzRpjNWIZ+l4= root@ubuntu-bionic
ssh-ed25519 AAAAC3NzaC1lZDI1NTE5AAAAIA4b3fu94R/Xglp4kx8cW+9PReCTi7Qo0PM+HkcI1EZ3 root@ubuntu-bionic
ssh-rsa AAAAB3NzaC1yc2EAAAADAQABAAABAQCmwXdLuF/OdEY8a9NVTBXSQGjc0tkS1XUin7lkQRG7HduddtmNhHrxT9kstYSAk+lX9AufezWi54jjqmvEdJiOAT53SSmgCHFVh9dTO6oZdAAoHwF6HGMSEGegt+M1Qb7VyUiXYVfe3h6EtfvCmcAu9y+2Tektk2hgbDLmutMf5m6bNoKkF8XabBNyhvrWmEZJnOc9/S7AQwDWQOvcCfTb15//gfcciM+hO4TZZXQuw/RuyimXThxaujyheAERjqLmujjBxOoMbnhkv73fPjCUyZAIXs9nQvw6R03yji7Tof11wb3Xvo3sVF5nn7k7VoOz3qEiTEKReRfScNpVbpjR root@ubuntu-bionic
-----END SSH HOST KEY KEYS-----
[  202.640429] cloud-init[1600]: Cloud-init v. 23.1.1-0ubuntu0~18.04.1 running 'modules:final' at Sun, 26 Mar 2023 17:55:17 +0000. Up 193.52 seconds.
[  202.718667] cloud-init[1600]: Cloud-init v. 23.1.1-0ubuntu0~18.04.1 finished at Sun, 26 Mar 2023 17:55:24 +0000. Datasource DataSourceNoCloud [seed=/dev/sdb][dsmode=net].  Up 200.63 seconds
+mpN1o3ae9blJmwy8hVBgim03qwLbI1+kDqDqUe1Zf6NQZNblX3Ht0gijO8ks4iA+BdUhk0G+X/TaHAJBSts9gSOdPkH67jtEdZJpkIVufOf6GbAUkPgc8rnb3cRKxHuQB root@ubuntu-bionic
-----END SSH HOST KEY KEYS-----
[  235.450180] cloud-init[1841]: Cloud-         Stopping Authorization Manager...
         Stopping Availability of block devices...
         Stopping User Manager for UID 1000...
[[0;32m  OK  [0m] Stopped target Cloud-init target.
[[0;32m  OK  [0m] Stopped target Timers.
[[0;32m  OK  [0m] Stopped Discard unused blocks once a week.
[[0;32m  OK  [0m] Stopped Daily Cleanup of Temporary Directories.
[[0;32m  OK  [0m] Stopped Message of the Day.
[[0;32m  OK  [0m] Stopped Execute cloud user/final scripts.
[[0;32m  OK  [0m] Closed Load/Save RF Kill Switch Status /dev/rfkill Watch.
[[0;32m  OK  [0m] Stopped target Graphical Interface.
         Stopping Accounts Service...
[[0;32m  OK  [0m] Stopped Apply the settings specified in cloud-config.
[[0;32m  OK  [0m] Stopped target Cloud-config availability.
[[0;32m  OK  [0m] Stopped Daily apt upgrade and clean activities.
[[0;32m  OK  [0m] Stopped Daily apt download activities.
[[0;32m  OK  [0m] Stopped target System Time Synchronized.
[[0;32m  OK  [0m] Stopped target Multi-User System.
         Stopping LSB: automatic crash report generation...
[[0;32m  OK  [0m] Stopped Wait until snapd is fully seeded.
         Stopping Dispatcher daemon for systemd-networkd...
         Stopping OpenBSD Secure Shell server...
         Stopping Deferred execution scheduler...
         Stopping FUSE filesystem for LXC...
         Stopping irqbalance daemon...
         Stopping D-Bus System Message Bus...
[[0;32m  OK  [0m] Stopped target Login Prompts.
         Stopping Getty on tty1...
         Stopping LSB: Record successful boot for GRUB...
         Stopping LXD - container startup/shutdown...
         Stopping System Logging Service...
         Stopping Virtualbox guest utils...
         Stopping Serial Getty on ttyS0...
[[0;32m  OK  [0m] Stopped target Host and Network Name Lookups.
         Stopping Regular background program processing daemon...
         Stopping Session 23 of user vagrant.
[[0;32m  OK  [0m] Stopped Ubuntu Advantage Timer for running repeated jobs.
[[0;32m  OK  [0m] Stopped irqbalance daemon.
[[0;32m  OK  [0m] Stopped Deferred execution scheduler.
[[0;32m  OK  [0m] Stopped Dispatcher daemon for systemd-networkd.
[[0;32m  OK  [0m] Stopped Regular background program processing daemon.
[[0;32m  OK  [0m] Stopped System Logging Service.
[[0;32m  OK  [0m] Stopped Authorization Manager.
[[0;32m  OK  [0m] Stopped User Manager for UID 1000.
[[0;32m  OK  [0m] Stopped D-Bus System Message Bus.
[[0;32m  OK  [0m] Stopped LXD - container startup/shutdown.
[[0;32m  OK  [0m] Stopped LSB: Record successful boot for GRUB.
[[0;32m  OK  [0m] Stopped LSB: automatic crash report generation.
[[0;32m  OK  [0m] Stopped Virtualbox guest utils.
[[0;32m  OK  [0m] Unmounted /var/lib/lxcfs.
[[0;32m  OK  [0m] Stopped Accounts Service.
[[0;32m  OK  [0m] Stopped Serial Getty on ttyS0.
[[0;32m  OK  [0m] Stopped Getty on tty1.
[[0;32m  OK  [0m] Stopped OpenBSD Secure Shell server.
[[0;32m  OK  [0m] Stopped Availability of block devices.
[[0;32m  OK  [0m] Stopped Session 23 of user vagrant.
[[0;32m  OK  [0m] Removed slice User Slice of vagrant.
         Stopping Login Service...
[[0;32m  OK  [0m] Removed slice system-getty.slice.
         Stopping Permit User Sessions...
[[0;32m  OK  [0m] Removed slice system-serial\x2dgetty.slice.
[[0;32m  OK  [0m] Stopped target Login Prompts (Pre).
[[0;32m  OK  [0m] Stopped FUSE filesystem for LXC.
[[0;32m  OK  [0m] Stopped Permit User Sessions.
[[0;32m  OK  [0m] Stopped Login Service.
[[0;32m  OK  [0m] Stopped target Basic System.
[[0;32m  OK  [0m] Stopped target Paths.
[[0;32m  OK  [0m] Stopped ACPI Events Check.
[[0;32m  OK  [0m] Stopped target Slices.
[[0;32m  OK  [0m] Removed slice User and Session Slice.
[[0;32m  OK  [0m] Stopped target Sockets.
[[0;32m  OK  [0m] Closed ACPID Listen Socket.
[[0;32m  OK  [0m] Closed cloud-init hotplug hook socket.
[[0;32m  OK  [0m] Closed Socket activation for snappy daemon.
[[0;32m  OK  [0m] Closed UUID daemon activation socket.
[[0;32m  OK  [0m] Closed LXD - unix socket.
[[0;32m  OK  [0m] Closed D-Bus System Message Bus Socket.
[[0;32m  OK  [0m] Closed Open-iSCSI iscsid Socket.
[[0;32m  OK  [0m] Closed Syslog Socket.
[[0;32m  OK  [0m] Stopped target Remote File Systems.
         Unmounting /vagrant...
[[0;32m  OK  [0m] Stopped target User and Group Name Lookups.
[[0;32m  OK  [0m] Stopped target System Initialization.
         Stopping Update UTMP about System Boot/Shutdown...
[[0;32m  OK  [0m] Stopped target Local Encrypted Volumes.
[[0;32m  OK  [0m] Stopped Forward Password Requests to Wall Directory Watch.
[[0;32m  OK  [0m] Stopped Dispatch Password Requests to Console Directory Watch.
         Stopping Load/Save Random Seed...
[[0;32m  OK  [0m] Stopped Commit a transient machine-id on disk.
[[0;32m  OK  [0m] Unmounted /vagrant.
[[0;32m  OK  [0m] Stopped target Network is Online.
[[0;32m  OK  [0m] Stopped Initial cloud-init job (metadata service crawler).
[[0;32m  OK  [0m] Stopped Wait for Network to be Configured.
[[0;32m  OK  [0m] Stopped target Remote File Systems (Pre).
[[0;32m  OK  [0m] Stopped target Network.
         Stopping Network Name Resolution...
[[0;32m  OK  [0m] Stopped Load/Save Random Seed.
[[0;32m  OK  [0m] Stopped Network Name Resolution.
[[0;32m  OK  [0m] Stopped Update UTMP about System Boot/Shutdown.
[[0;32m  OK  [0m] Stopped Create Volatile Files and Directories.
[[0;32m  OK  [0m] Stopped target Local File Systems.
         Unmounting /run/user/1000...
[[0;32m  OK  [0m] Stopped target Mounted snaps.
[[0;32m  OK  [0m] Stopped target Mounting snaps.
         Stopping Network Service...
[[0;32m  OK  [0m] Unmounted /run/user/1000.
[[0;32m  OK  [0m] Reached target Unmount All Filesystems.
[[0;32m  OK  [0m] Stopped target Swap.
[[0;32m  OK  [0m] Stopped target Local File Systems (Pre).
         Stopping Monitoring of LVM2 mirrors…ng dmeventd or progress polling...
[[0;32m  OK  [0m] Stopped Create Static Device Nodes in /dev.
[[0;32m  OK  [0m] Stopped Network Service.
[[0;32m  OK  [0m] Stopped Apply Kernel Variables.
[[0;32m  OK  [0m] Stopped Load Kernel Modules.
[[0;32m  OK  [0m] Stopped target Network (Pre).
[[0;32m  OK  [0m] Stopped Initial cloud-init job (pre-networking).
[[0;32m  OK  [0m] Stopped Remount Root and Kernel File Systems.
[[0;32m  OK  [0m] Reached target Shutdown.
[[0;32m  OK  [0m] Reached target Final Step.
         Starting Power-Off...
[[0;32m  OK  [0m] Stopped Monitoring of LVM2 mirrors,…sing dmeventd or progress polling.
         Stopping LVM2 metadata daemon...
[[0;32m  OK  [0m] Stopped LVM2 metadata daemon.
